<?xml version="1.0" encoding="UTF-8"?>
<!-- Generated by org.testng.reporters.JUnitXMLReporter -->
<testsuite ignored="0" hostname="Pragti" failures="0" tests="2" name="Test" time="0.361" errors="0" timestamp="2024-02-29T10:18:52 IST">
  <testcase classname="tests1.Retryprac1111Test" name="@BeforeClass set" time="0.032">
    <failure type="java.lang.NullPointerException" message="Cannot invoke &amp;quot;org.openqa.selenium.WebDriver.manage()&amp;quot; because &amp;quot;this.driver&amp;quot; is null">
      <![CDATA[java.lang.NullPointerException: Cannot invoke "org.openqa.selenium.WebDriver.manage()" because "this.driver" is null
at tests1.Retryprac1111Test.set(Retryprac1111Test.java:23)
at java.base/java.util.ArrayList.forEach(ArrayList.java:1511)
... Removed 25 stack frames]]>
    </failure>
  </testcase> <!-- @BeforeClass set -->
  <testcase classname="tests1.Retryprac1111Test" name="@AfterClass tear" time="-1.709182132113E9">
    <skipped/>
  </testcase> <!-- @AfterClass tear -->
  <testcase classname="tests1.Retryprac1111Test" name="fTest" time="0.0">
    <skipped/>
  </testcase> <!-- fTest -->
  <testcase classname="tests1.Retryprac1111Test" name="f22Test" time="0.0">
    <skipped/>
  </testcase> <!-- f22Test -->
</testsuite> <!-- Test -->
