<?xml version="1.0" encoding="UTF-8"?>
<testng-results ignored="0" total="3" passed="3" failed="0" skipped="0">
  <reporter-output>
  </reporter-output>
  <suite started-at="2024-03-12T13:06:54 IST" name="Default suite" finished-at="2024-03-12T13:08:06 IST" duration-ms="72752">
    <groups>
    </groups>
    <test started-at="2024-03-12T13:06:54 IST" name="Default test" finished-at="2024-03-12T13:08:06 IST" duration-ms="72752">
      <class name="tests1.New8888Test">
        <test-method is-config="true" signature="beforeClass()[pri:0, instance:tests1.New8888Test@2d6c53fc]" started-at="2024-03-12T13:06:54 IST" name="beforeClass" finished-at="2024-03-12T13:07:02 IST" duration-ms="8570" status="PASS">
          <reporter-output>
          </reporter-output>
        </test-method> <!-- beforeClass -->
        <test-method signature="fTest()[pri:0, instance:tests1.New8888Test@2d6c53fc]" started-at="2024-03-12T13:07:02 IST" name="fTest" finished-at="2024-03-12T13:08:03 IST" duration-ms="60360" status="PASS">
          <reporter-output>
          </reporter-output>
        </test-method> <!-- fTest -->
        <test-method signature="fiTest()[pri:1, instance:tests1.New8888Test@2d6c53fc]" started-at="2024-03-12T13:08:03 IST" name="fiTest" finished-at="2024-03-12T13:08:03 IST" duration-ms="324" status="PASS">
          <reporter-output>
          </reporter-output>
        </test-method> <!-- fiTest -->
        <test-method signature="fooTest()[pri:2, instance:tests1.New8888Test@2d6c53fc]" started-at="2024-03-12T13:08:03 IST" name="fooTest" finished-at="2024-03-12T13:08:06 IST" duration-ms="2947" status="PASS">
          <reporter-output>
          </reporter-output>
        </test-method> <!-- fooTest -->
        <test-method is-config="true" signature="afterClass()[pri:0, instance:tests1.New8888Test@2d6c53fc]" started-at="2024-03-12T13:08:06 IST" name="afterClass" finished-at="2024-03-12T13:08:06 IST" duration-ms="281" status="PASS">
          <reporter-output>
          </reporter-output>
        </test-method> <!-- afterClass -->
      </class> <!-- tests1.New8888Test -->
    </test> <!-- Default test -->
  </suite> <!-- Default suite -->
</testng-results>
